<?xml version="1.0" encoding="UTF-8"?>
<testsuite xmlns:xsi="http://www.w3.org/2001/XMLSchema-instance" xsi:noNamespaceSchemaLocation="https://maven.apache.org/surefire/maven-surefire-plugin/xsd/surefire-test-report.xsd" name="com.atguigu.system.MyBatisPlusTest" time="4.796" tests="2" errors="0" skipped="0" failures="0">
  <properties>
[...]
</properties>
  <testcase name="test" classname="com.atguigu.system.MyBatisPlusTest" time="0.446"/>
  <testcase name="getUserMenuList" classname="com.atguigu.system.MyBatisPlusTest" time="0.006"/>
</testsuite>